<?xml version="1.0" encoding="UTF-8"?>
<!-- Generated by org.testng.reporters.JUnitReportReporter -->
<testsuite skipped="3" hostname="DESKTOP-V7SUSBP" name="com.evalue.insightloupe.testsuite.NewUserStory" tests="4" failures="0" timestamp="18 Jul 2020 22:38:18 GMT" time="26.180" errors="0">
  <testcase name="userstory1_TC004" time="26.180" classname="com.evalue.insightloupe.testsuite.NewUserStory"/>
  <testcase name="userstory1_TC001" classname="com.evalue.insightloupe.testsuite.NewUserStory">
    <skipped/>
  </testcase> <!-- userstory1_TC001 -->
  <testcase name="userstory1_TC003" classname="com.evalue.insightloupe.testsuite.NewUserStory">
    <skipped/>
  </testcase> <!-- userstory1_TC003 -->
  <testcase name="userstory1_TC002" classname="com.evalue.insightloupe.testsuite.NewUserStory">
    <skipped/>
  </testcase> <!-- userstory1_TC002 -->
</testsuite> <!-- com.evalue.insightloupe.testsuite.NewUserStory -->
