<?xml version="1.0" encoding="UTF-8"?>
<!-- Generated by org.testng.reporters.JUnitReportReporter -->
<testsuite skipped="0" hostname="DESKTOP-V7SUSBP" name="com.evalue.insightloupe.testsuite.UserStory03Test" tests="4" failures="0" timestamp="19 Jul 2020 23:46:47 GMT" time="117.712" errors="0">
  <testcase name="userstory3_TC001" time="27.158" classname="com.evalue.insightloupe.testsuite.UserStory03Test"/>
  <testcase name="userstory3_TC003" time="30.181" classname="com.evalue.insightloupe.testsuite.UserStory03Test"/>
  <testcase name="userstory3_TC002" time="29.175" classname="com.evalue.insightloupe.testsuite.UserStory03Test"/>
  <testcase name="userstory3_TC004" time="31.198" classname="com.evalue.insightloupe.testsuite.UserStory03Test"/>
</testsuite> <!-- com.evalue.insightloupe.testsuite.UserStory03Test -->
