<?xml version="1.0" encoding="UTF-8"?>
<!-- Generated by org.testng.reporters.JUnitReportReporter -->
<testsuite skipped="0" hostname="DESKTOP-V7SUSBP" name="com.evalue.insightloupe.testsuite.UserStory02Test" tests="2" failures="0" timestamp="19 Jul 2020 23:46:47 GMT" time="69.342" errors="0">
  <testcase name="userstory2_TC002" time="33.709" classname="com.evalue.insightloupe.testsuite.UserStory02Test"/>
  <testcase name="userstory2_TC001" time="35.633" classname="com.evalue.insightloupe.testsuite.UserStory02Test"/>
</testsuite> <!-- com.evalue.insightloupe.testsuite.UserStory02Test -->
