<?xml version="1.0" encoding="UTF-8"?>
<!-- Generated by org.testng.reporters.JUnitReportReporter -->
<testsuite skipped="0" hostname="DESKTOP-V7SUSBP" name="com.evalue.insightloupe.testsuite.LoginTest" tests="1" failures="0" timestamp="18 Jul 2020 18:58:32 GMT" time="20.054" errors="0">
  <testcase name="validLogin" time="20.054" classname="com.evalue.insightloupe.testsuite.LoginTest"/>
</testsuite> <!-- com.evalue.insightloupe.testsuite.LoginTest -->
