<?xml version="1.0" encoding="UTF-8"?>
<!-- Generated by org.testng.reporters.JUnitReportReporter -->
<testsuite skipped="0" hostname="DESKTOP-V7SUSBP" name="com.evalue.insightloupe.testsuite.UserStory02Test" tests="2" failures="0" timestamp="19 Jul 2020 22:26:31 GMT" time="54.368" errors="0">
  <testcase name="userstory2_TC002" time="25.663" classname="com.evalue.insightloupe.testsuite.UserStory02Test"/>
  <testcase name="userstory2_TC001" time="28.705" classname="com.evalue.insightloupe.testsuite.UserStory02Test"/>
</testsuite> <!-- com.evalue.insightloupe.testsuite.UserStory02Test -->
