<?xml version="1.0" encoding="UTF-8"?>
<!-- Generated by org.testng.reporters.JUnitReportReporter -->
<testsuite skipped="1" hostname="DESKTOP-V7SUSBP" name="com.evalue.insightloupe.testsuite.HomeTest" tests="1" failures="0" timestamp="19 Jul 2020 18:32:16 GMT" time="0.000" errors="0">
  <testcase name="homepagetest" time="0.000" classname="com.evalue.insightloupe.testsuite.HomeTest">
    <skipped/>
  </testcase> <!-- homepagetest -->
</testsuite> <!-- com.evalue.insightloupe.testsuite.HomeTest -->
