<?xml version="1.0" encoding="UTF-8"?>
<!-- Generated by org.testng.reporters.JUnitReportReporter -->
<testsuite skipped="4" hostname="DESKTOP-V7SUSBP" name="com.evalue.insightloupe.testsuite.UserStory03Test" tests="4" failures="0" timestamp="19 Jul 2020 22:26:31 GMT" time="0.000" errors="0">
  <testcase name="userstory3_TC004" time="0.000" classname="com.evalue.insightloupe.testsuite.UserStory03Test">
    <skipped/>
  </testcase> <!-- userstory3_TC004 -->
  <testcase name="userstory3_TC002" time="0.000" classname="com.evalue.insightloupe.testsuite.UserStory03Test">
    <skipped/>
  </testcase> <!-- userstory3_TC002 -->
  <testcase name="userstory3_TC003" time="0.000" classname="com.evalue.insightloupe.testsuite.UserStory03Test">
    <skipped/>
  </testcase> <!-- userstory3_TC003 -->
  <testcase name="userstory3_TC001" time="0.000" classname="com.evalue.insightloupe.testsuite.UserStory03Test">
    <skipped/>
  </testcase> <!-- userstory3_TC001 -->
</testsuite> <!-- com.evalue.insightloupe.testsuite.UserStory03Test -->
